10:11:32.214  INFO  manager.ApplicationManager - All tests start in Chrome Browser
10:11:34.286  INFO  manager.ApplicationManager - Current Url ---->https://telranedu.web.app/home
10:11:34.319  INFO  tests.TestBase - The name of starts method is --->loginSuccess
10:11:34.322  INFO  manager.ListenerWD - Before find elements ---> By.xpath: //button[text()='Sign Out']
10:11:39.344  INFO  manager.ListenerWD - After find elements ---> By.xpath: //button[text()='Sign Out']
10:11:39.347  INFO  manager.ListenerWD - List size is ---> 0
10:11:39.348  INFO  tests.TestBase - Login with valid data: Email: 'koshka1@mail.ru' & Password: 'Kotic14025$'
10:11:39.349  INFO  manager.ListenerWD - Before find element ---> By.cssSelector: a[href ='/l']
10:11:44.413  INFO  manager.ListenerWD - Test ends with error
10:11:44.414  INFO  manager.ListenerWD - *******************
10:11:44.414  INFO  manager.ListenerWD - Method methodfindElement
10:11:44.414  INFO  manager.ListenerWD - *******************
10:11:44.415  INFO  manager.ListenerWD - InvocationTarget getMessage()null
10:11:44.415  INFO  manager.ListenerWD - *******************
10:11:44.417  INFO  manager.ListenerWD - InvocationTarget getTargetException()org.openqa.selenium.NoSuchElementException: no such element: Unable to locate element: {"method":"css selector","selector":"a[href ='/l']"}
  (Session info: chrome=109.0.5414.120)
For documentation on this error, please visit: https://selenium.dev/exceptions/#no_such_element
Build info: version: '4.7.1', revision: 'c6795baf1a3'
System info: os.name: 'Windows 10', os.arch: 'amd64', os.version: '10.0', java.version: '11.0.17'
Driver info: org.openqa.selenium.chrome.ChromeDriver
Command: [b66f87e708efaeaaa42859b3602dfce9, findElement {using=css selector, value=a[href ='/l']}]
Capabilities {acceptInsecureCerts: false, browserName: chrome, browserVersion: 109.0.5414.120, chrome: {chromedriverVersion: 108.0.5359.71 (1e0e3868ee06..., userDataDir: C:\Users\size7\AppData\Loca...}, goog:chromeOptions: {debuggerAddress: localhost:59152}, networkConnectionEnabled: false, pageLoadStrategy: normal, platformName: WINDOWS, proxy: Proxy(), se:cdp: ws://localhost:59152/devtoo..., se:cdpVersion: 109.0.5414.120, setWindowRect: true, strictFileInteractability: false, timeouts: {implicit: 0, pageLoad: 300000, script: 30000}, unhandledPromptBehavior: dismiss and notify, webauthn:extension:credBlob: true, webauthn:extension:largeBlob: true, webauthn:virtualAuthenticators: true}
Session ID: b66f87e708efaeaaa42859b3602dfce9
10:11:44.417  INFO  manager.ListenerWD - *******************
10:11:44.418  INFO  manager.ListenerWD - InvocationTarget getCause()org.openqa.selenium.NoSuchElementException: no such element: Unable to locate element: {"method":"css selector","selector":"a[href ='/l']"}
  (Session info: chrome=109.0.5414.120)
For documentation on this error, please visit: https://selenium.dev/exceptions/#no_such_element
Build info: version: '4.7.1', revision: 'c6795baf1a3'
System info: os.name: 'Windows 10', os.arch: 'amd64', os.version: '10.0', java.version: '11.0.17'
Driver info: org.openqa.selenium.chrome.ChromeDriver
Command: [b66f87e708efaeaaa42859b3602dfce9, findElement {using=css selector, value=a[href ='/l']}]
Capabilities {acceptInsecureCerts: false, browserName: chrome, browserVersion: 109.0.5414.120, chrome: {chromedriverVersion: 108.0.5359.71 (1e0e3868ee06..., userDataDir: C:\Users\size7\AppData\Loca...}, goog:chromeOptions: {debuggerAddress: localhost:59152}, networkConnectionEnabled: false, pageLoadStrategy: normal, platformName: WINDOWS, proxy: Proxy(), se:cdp: ws://localhost:59152/devtoo..., se:cdpVersion: 109.0.5414.120, setWindowRect: true, strictFileInteractability: false, timeouts: {implicit: 0, pageLoad: 300000, script: 30000}, unhandledPromptBehavior: dismiss and notify, webauthn:extension:credBlob: true, webauthn:extension:largeBlob: true, webauthn:virtualAuthenticators: true}
Session ID: b66f87e708efaeaaa42859b3602dfce9
10:11:44.419  INFO  manager.ListenerWD - *******************
10:11:44.420  INFO  manager.ListenerWD - Object targetChromeDriver: chrome on WINDOWS (b66f87e708efaeaaa42859b3602dfce9)
10:11:44.420  INFO  manager.ListenerWD - *******************
