11:04:31.404  INFO  manager.ApplicationManager - All tests start in Chrome Browser
11:04:33.429  INFO  manager.ApplicationManager - Current Url ---->https://telranedu.web.app/home
11:04:33.464  INFO  tests.TestBase - The name of starts method is --->loginSuccess
11:04:33.467  INFO  manager.ListenerWD - Before find elements ---> By.xpath: //button[text()='Sign Out']
11:04:38.541  INFO  manager.ListenerWD - After find elements ---> By.xpath: //button[text()='Sign Out']
11:04:38.544  INFO  manager.ListenerWD - List size is ---> 0
11:04:38.545  INFO  tests.TestBase - Login with valid data: Email: 'koshka1@mail.ru' & Password: 'Kotic14025$'
11:04:38.546  INFO  manager.ListenerWD - Before find element ---> By.cssSelector: a[href ='/l']
11:04:43.597  INFO  manager.ListenerWD - The have a 'problem'
11:04:43.598  INFO  manager.ListenerWD - *******************
11:04:43.598  INFO  manager.ListenerWD - Method methodfindElement
11:04:43.598  INFO  manager.ListenerWD - *******************
11:04:43.600  INFO  manager.ListenerWD - InvocationTarget getTargetException()org.openqa.selenium.NoSuchElementException: no such element: Unable to locate element: {"method":"css selector","selector":"a[href ='/l']"}
  (Session info: chrome=109.0.5414.120)
For documentation on this error, please visit: https://selenium.dev/exceptions/#no_such_element
Build info: version: '4.7.1', revision: 'c6795baf1a3'
System info: os.name: 'Windows 10', os.arch: 'amd64', os.version: '10.0', java.version: '11.0.17'
Driver info: org.openqa.selenium.chrome.ChromeDriver
Command: [4d03176ed851f87c421623feb9eac530, findElement {using=css selector, value=a[href ='/l']}]
Capabilities {acceptInsecureCerts: false, browserName: chrome, browserVersion: 109.0.5414.120, chrome: {chromedriverVersion: 108.0.5359.71 (1e0e3868ee06..., userDataDir: C:\Users\size7\AppData\Loca...}, goog:chromeOptions: {debuggerAddress: localhost:59522}, networkConnectionEnabled: false, pageLoadStrategy: normal, platformName: WINDOWS, proxy: Proxy(), se:cdp: ws://localhost:59522/devtoo..., se:cdpVersion: 109.0.5414.120, setWindowRect: true, strictFileInteractability: false, timeouts: {implicit: 0, pageLoad: 300000, script: 30000}, unhandledPromptBehavior: dismiss and notify, webauthn:extension:credBlob: true, webauthn:extension:largeBlob: true, webauthn:virtualAuthenticators: true}
Session ID: 4d03176ed851f87c421623feb9eac530
11:04:43.601  INFO  manager.ListenerWD - *******************
11:04:43.602  INFO  manager.ListenerWD - Object targetChromeDriver: chrome on WINDOWS (4d03176ed851f87c421623feb9eac530)
11:04:43.602  INFO  manager.ListenerWD - *******************
11:04:43.605  INFO  manager.ListenerWD - Screen with error is ---> src/test/screenshots/screen-378.png
