18:39:02.187  INFO  manager.ListenerTNG - onStart ---> Gradle suite
18:39:04.747  INFO  manager.ApplicationManager - All tests start in Chrome Browser
18:39:06.778  INFO  manager.ApplicationManager - Current Url ---->https://telranedu.web.app/home
18:39:06.784  INFO  manager.ListenerTNG - onStart ---> Gradle test
18:39:06.831  INFO  tests.TestBase - The name of starts method is --->loginWrongEmail
18:39:06.834  INFO  manager.ListenerWD - Before find elements ---> By.xpath: //button[text()='Sign Out']
18:39:11.908  INFO  manager.ListenerWD - After find elements ---> By.xpath: //button[text()='Sign Out']
18:39:11.911  INFO  manager.ListenerWD - List size is ---> 0
18:39:11.913  INFO  manager.ListenerTNG - onTestStart ---> loginWrongEmail
18:39:11.914  INFO  manager.ListenerWD - Before find element ---> By.cssSelector: a[href ^='/lo']
18:39:11.955  INFO  manager.ListenerWD - After find element ---> By.cssSelector: a[href ^='/lo']
18:39:12.015  INFO  manager.ListenerWD - Before find element ---> By.cssSelector: input[name = 'email']
18:39:12.056  INFO  manager.ListenerWD - After find element ---> By.cssSelector: input[name = 'email']
18:39:12.202  INFO  manager.ListenerWD - Before find element ---> By.cssSelector: input[name = 'password']
18:39:12.227  INFO  manager.ListenerWD - After find element ---> By.cssSelector: input[name = 'password']
18:39:12.359  INFO  manager.ListenerWD - Before find element ---> By.cssSelector: button:first-of-type
18:39:12.384  INFO  manager.ListenerWD - After find element ---> By.cssSelector: button:first-of-type
18:39:12.425  INFO  manager.ListenerWD - Before find elements ---> By.xpath: //button[text()='Sign Out']
18:39:13.580  INFO  manager.ListenerWD - After find elements ---> By.xpath: //button[text()='Sign Out']
18:39:13.581  INFO  manager.ListenerWD - List size is ---> 0
18:39:13.610  INFO  tests.TestBase - Error message is : 'Wrong email or password' 
18:39:13.613  INFO  manager.ListenerTNG - onTestSuccess ---> loginWrongEmail
18:39:13.617  INFO  manager.ListenerTNG - onFinish ---> Gradle test
18:39:13.622  INFO  manager.ListenerTNG - onFinish ---> Gradle suite
